Determining if the function res_servicename exists in the resolv failed with the following output:
Change Dir: /home/qwe52165/GRPC-levelDB/leveldb_server/CMakeFiles/CMakeTmp

Run Build Command:"/usr/bin/make" "cmTC_25b38/fast"
/usr/bin/make -f CMakeFiles/cmTC_25b38.dir/build.make CMakeFiles/cmTC_25b38.dir/build
make[1]: Entering directory '/home/qwe52165/GRPC-levelDB/leveldb_server/CMakeFiles/CMakeTmp'
Building C object CMakeFiles/cmTC_25b38.dir/CheckFunctionExists.c.o
/usr/bin/cc   -DCHECK_FUNCTION_EXISTS=res_servicename -fPIE   -o CMakeFiles/cmTC_25b38.dir/CheckFunctionExists.c.o   -c /usr/share/cmake-3.10/Modules/CheckFunctionExists.c
Linking C executable cmTC_25b38
/usr/bin/cmake -E cmake_link_script CMakeFiles/cmTC_25b38.dir/link.txt --verbose=1
/usr/bin/cc  -DCHECK_FUNCTION_EXISTS=res_servicename    -rdynamic CMakeFiles/cmTC_25b38.dir/CheckFunctionExists.c.o  -o cmTC_25b38 -lresolv 
CMakeFiles/cmTC_25b38.dir/CheckFunctionExists.c.o: In function `main':
CheckFunctionExists.c:(.text+0x10): undefined reference to `res_servicename'
collect2: error: ld returned 1 exit status
CMakeFiles/cmTC_25b38.dir/build.make:97: recipe for target 'cmTC_25b38' failed
make[1]: *** [cmTC_25b38] Error 1
make[1]: Leaving directory '/home/qwe52165/GRPC-levelDB/leveldb_server/CMakeFiles/CMakeTmp'
Makefile:126: recipe for target 'cmTC_25b38/fast' failed
make: *** [cmTC_25b38/fast] Error 2


Determining if the function gethostbyname exists in the socket failed with the following output:
Change Dir: /home/qwe52165/GRPC-levelDB/leveldb_server/CMakeFiles/CMakeTmp

Run Build Command:"/usr/bin/make" "cmTC_32e42/fast"
/usr/bin/make -f CMakeFiles/cmTC_32e42.dir/build.make CMakeFiles/cmTC_32e42.dir/build
make[1]: Entering directory '/home/qwe52165/GRPC-levelDB/leveldb_server/CMakeFiles/CMakeTmp'
Building C object CMakeFiles/cmTC_32e42.dir/CheckFunctionExists.c.o
/usr/bin/cc   -DCHECK_FUNCTION_EXISTS=gethostbyname -fPIE   -o CMakeFiles/cmTC_32e42.dir/CheckFunctionExists.c.o   -c /usr/share/cmake-3.10/Modules/CheckFunctionExists.c
Linking C executable cmTC_32e42
/usr/bin/cmake -E cmake_link_script CMakeFiles/cmTC_32e42.dir/link.txt --verbose=1
/usr/bin/cc  -DCHECK_FUNCTION_EXISTS=gethostbyname    -rdynamic CMakeFiles/cmTC_32e42.dir/CheckFunctionExists.c.o  -o cmTC_32e42 -lsocket 
/usr/bin/x86_64-linux-gnu-ld: cannot find -lsocket
collect2: error: ld returned 1 exit status
CMakeFiles/cmTC_32e42.dir/build.make:97: recipe for target 'cmTC_32e42' failed
make[1]: *** [cmTC_32e42] Error 1
make[1]: Leaving directory '/home/qwe52165/GRPC-levelDB/leveldb_server/CMakeFiles/CMakeTmp'
Makefile:126: recipe for target 'cmTC_32e42/fast' failed
make: *** [cmTC_32e42/fast] Error 2


Determining if files socket.h exist failed with the following output:
Change Dir: /home/qwe52165/GRPC-levelDB/leveldb_server/CMakeFiles/CMakeTmp

Run Build Command:"/usr/bin/make" "cmTC_7830e/fast"
/usr/bin/make -f CMakeFiles/cmTC_7830e.dir/build.make CMakeFiles/cmTC_7830e.dir/build
make[1]: Entering directory '/home/qwe52165/GRPC-levelDB/leveldb_server/CMakeFiles/CMakeTmp'
Building C object CMakeFiles/cmTC_7830e.dir/CheckIncludeFiles.c.o
/usr/bin/cc   -fPIE   -o CMakeFiles/cmTC_7830e.dir/CheckIncludeFiles.c.o   -c /home/qwe52165/GRPC-levelDB/leveldb_server/CMakeFiles/CMakeTmp/CheckIncludeFiles.c
/home/qwe52165/GRPC-levelDB/leveldb_server/CMakeFiles/CMakeTmp/CheckIncludeFiles.c:2:10: fatal error: socket.h: No such file or directory
 #include <socket.h>
          ^~~~~~~~~~
compilation terminated.
CMakeFiles/cmTC_7830e.dir/build.make:65: recipe for target 'CMakeFiles/cmTC_7830e.dir/CheckIncludeFiles.c.o' failed
make[1]: *** [CMakeFiles/cmTC_7830e.dir/CheckIncludeFiles.c.o] Error 1
make[1]: Leaving directory '/home/qwe52165/GRPC-levelDB/leveldb_server/CMakeFiles/CMakeTmp'
Makefile:126: recipe for target 'cmTC_7830e/fast' failed
make: *** [cmTC_7830e/fast] Error 2

Source:
/* */
#include <socket.h>


int main(void){return 0;}

Determining if files winsock2.h;windows.h exist failed with the following output:
Change Dir: /home/qwe52165/GRPC-levelDB/leveldb_server/CMakeFiles/CMakeTmp

Run Build Command:"/usr/bin/make" "cmTC_fd3ac/fast"
/usr/bin/make -f CMakeFiles/cmTC_fd3ac.dir/build.make CMakeFiles/cmTC_fd3ac.dir/build
make[1]: Entering directory '/home/qwe52165/GRPC-levelDB/leveldb_server/CMakeFiles/CMakeTmp'
Building C object CMakeFiles/cmTC_fd3ac.dir/CheckIncludeFiles.c.o
/usr/bin/cc   -fPIE   -o CMakeFiles/cmTC_fd3ac.dir/CheckIncludeFiles.c.o   -c /home/qwe52165/GRPC-levelDB/leveldb_server/CMakeFiles/CMakeTmp/CheckIncludeFiles.c
/home/qwe52165/GRPC-levelDB/leveldb_server/CMakeFiles/CMakeTmp/CheckIncludeFiles.c:2:10: fatal error: winsock2.h: No such file or directory
 #include <winsock2.h>
          ^~~~~~~~~~~~
compilation terminated.
CMakeFiles/cmTC_fd3ac.dir/build.make:65: recipe for target 'CMakeFiles/cmTC_fd3ac.dir/CheckIncludeFiles.c.o' failed
make[1]: *** [CMakeFiles/cmTC_fd3ac.dir/CheckIncludeFiles.c.o] Error 1
make[1]: Leaving directory '/home/qwe52165/GRPC-levelDB/leveldb_server/CMakeFiles/CMakeTmp'
Makefile:126: recipe for target 'cmTC_fd3ac/fast' failed
make: *** [cmTC_fd3ac/fast] Error 2

Source:
/* */
#include <winsock2.h>
#include <windows.h>


int main(void){return 0;}

Determining if files winsock2.h;ws2tcpip.h;windows.h exist failed with the following output:
Change Dir: /home/qwe52165/GRPC-levelDB/leveldb_server/CMakeFiles/CMakeTmp

Run Build Command:"/usr/bin/make" "cmTC_0c481/fast"
/usr/bin/make -f CMakeFiles/cmTC_0c481.dir/build.make CMakeFiles/cmTC_0c481.dir/build
make[1]: Entering directory '/home/qwe52165/GRPC-levelDB/leveldb_server/CMakeFiles/CMakeTmp'
Building C object CMakeFiles/cmTC_0c481.dir/CheckIncludeFiles.c.o
/usr/bin/cc   -fPIE   -o CMakeFiles/cmTC_0c481.dir/CheckIncludeFiles.c.o   -c /home/qwe52165/GRPC-levelDB/leveldb_server/CMakeFiles/CMakeTmp/CheckIncludeFiles.c
/home/qwe52165/GRPC-levelDB/leveldb_server/CMakeFiles/CMakeTmp/CheckIncludeFiles.c:2:10: fatal error: winsock2.h: No such file or directory
 #include <winsock2.h>
          ^~~~~~~~~~~~
compilation terminated.
CMakeFiles/cmTC_0c481.dir/build.make:65: recipe for target 'CMakeFiles/cmTC_0c481.dir/CheckIncludeFiles.c.o' failed
make[1]: *** [CMakeFiles/cmTC_0c481.dir/CheckIncludeFiles.c.o] Error 1
make[1]: Leaving directory '/home/qwe52165/GRPC-levelDB/leveldb_server/CMakeFiles/CMakeTmp'
Makefile:126: recipe for target 'cmTC_0c481/fast' failed
make: *** [cmTC_0c481/fast] Error 2

Source:
/* */
#include <winsock2.h>
#include <ws2tcpip.h>
#include <windows.h>


int main(void){return 0;}

Determining if files winsock.h;windows.h exist failed with the following output:
Change Dir: /home/qwe52165/GRPC-levelDB/leveldb_server/CMakeFiles/CMakeTmp

Run Build Command:"/usr/bin/make" "cmTC_2d22f/fast"
/usr/bin/make -f CMakeFiles/cmTC_2d22f.dir/build.make CMakeFiles/cmTC_2d22f.dir/build
make[1]: Entering directory '/home/qwe52165/GRPC-levelDB/leveldb_server/CMakeFiles/CMakeTmp'
Building C object CMakeFiles/cmTC_2d22f.dir/CheckIncludeFiles.c.o
/usr/bin/cc   -fPIE   -o CMakeFiles/cmTC_2d22f.dir/CheckIncludeFiles.c.o   -c /home/qwe52165/GRPC-levelDB/leveldb_server/CMakeFiles/CMakeTmp/CheckIncludeFiles.c
/home/qwe52165/GRPC-levelDB/leveldb_server/CMakeFiles/CMakeTmp/CheckIncludeFiles.c:2:10: fatal error: winsock.h: No such file or directory
 #include <winsock.h>
          ^~~~~~~~~~~
compilation terminated.
CMakeFiles/cmTC_2d22f.dir/build.make:65: recipe for target 'CMakeFiles/cmTC_2d22f.dir/CheckIncludeFiles.c.o' failed
make[1]: *** [CMakeFiles/cmTC_2d22f.dir/CheckIncludeFiles.c.o] Error 1
make[1]: Leaving directory '/home/qwe52165/GRPC-levelDB/leveldb_server/CMakeFiles/CMakeTmp'
Makefile:126: recipe for target 'cmTC_2d22f/fast' failed
make: *** [cmTC_2d22f/fast] Error 2

Source:
/* */
#include <winsock.h>
#include <windows.h>


int main(void){return 0;}

Determining if files windows.h exist failed with the following output:
Change Dir: /home/qwe52165/GRPC-levelDB/leveldb_server/CMakeFiles/CMakeTmp

Run Build Command:"/usr/bin/make" "cmTC_eb44e/fast"
/usr/bin/make -f CMakeFiles/cmTC_eb44e.dir/build.make CMakeFiles/cmTC_eb44e.dir/build
make[1]: Entering directory '/home/qwe52165/GRPC-levelDB/leveldb_server/CMakeFiles/CMakeTmp'
Building C object CMakeFiles/cmTC_eb44e.dir/CheckIncludeFiles.c.o
/usr/bin/cc   -fPIE   -o CMakeFiles/cmTC_eb44e.dir/CheckIncludeFiles.c.o   -c /home/qwe52165/GRPC-levelDB/leveldb_server/CMakeFiles/CMakeTmp/CheckIncludeFiles.c
/home/qwe52165/GRPC-levelDB/leveldb_server/CMakeFiles/CMakeTmp/CheckIncludeFiles.c:2:10: fatal error: windows.h: No such file or directory
 #include <windows.h>
          ^~~~~~~~~~~
compilation terminated.
CMakeFiles/cmTC_eb44e.dir/build.make:65: recipe for target 'CMakeFiles/cmTC_eb44e.dir/CheckIncludeFiles.c.o' failed
make[1]: *** [CMakeFiles/cmTC_eb44e.dir/CheckIncludeFiles.c.o] Error 1
make[1]: Leaving directory '/home/qwe52165/GRPC-levelDB/leveldb_server/CMakeFiles/CMakeTmp'
Makefile:126: recipe for target 'cmTC_eb44e/fast' failed
make: *** [cmTC_eb44e/fast] Error 2

Source:
/* */
#include <windows.h>


int main(void){return 0;}

Performing C SOURCE FILE Test HAVE_TYPE_SOCKET failed with the following output:
Change Dir: /home/qwe52165/GRPC-levelDB/leveldb_server/CMakeFiles/CMakeTmp

Run Build Command:"/usr/bin/make" "cmTC_cf942/fast"
/usr/bin/make -f CMakeFiles/cmTC_cf942.dir/build.make CMakeFiles/cmTC_cf942.dir/build
make[1]: Entering directory '/home/qwe52165/GRPC-levelDB/leveldb_server/CMakeFiles/CMakeTmp'
Building C object CMakeFiles/cmTC_cf942.dir/src.c.o
/usr/bin/cc -D_GNU_SOURCE -D_POSIX_C_SOURCE=199309L -D_XOPEN_SOURCE=600  -DHAVE_TYPE_SOCKET -fPIE   -o CMakeFiles/cmTC_cf942.dir/src.c.o   -c /home/qwe52165/GRPC-levelDB/leveldb_server/CMakeFiles/CMakeTmp/src.c
/home/qwe52165/GRPC-levelDB/leveldb_server/CMakeFiles/CMakeTmp/src.c: In function ‘main’:
/home/qwe52165/GRPC-levelDB/leveldb_server/CMakeFiles/CMakeTmp/src.c:26:4: error: unknown type name ‘SOCKET’; did you mean ‘LOCK_EX’?
    SOCKET var_exists;
    ^~~~~~
    LOCK_EX
CMakeFiles/cmTC_cf942.dir/build.make:65: recipe for target 'CMakeFiles/cmTC_cf942.dir/src.c.o' failed
make[1]: *** [CMakeFiles/cmTC_cf942.dir/src.c.o] Error 1
make[1]: Leaving directory '/home/qwe52165/GRPC-levelDB/leveldb_server/CMakeFiles/CMakeTmp'
Makefile:126: recipe for target 'cmTC_cf942/fast' failed
make: *** [cmTC_cf942/fast] Error 2

Source file was:

		#include <stdio.h>
		#include <stdlib.h>
	
		#include <stdbool.h>
		#include <sys/types.h>
		#include <arpa/inet.h>
		#include <arpa/nameser.h>
		#include <netdb.h>
		#include <net/if.h>
		#include <netinet/in.h>
		#include <netinet/tcp.h>
		#include <signal.h>
		#include <stdlib.h>
		#include <string.h>
		#include <strings.h>
		#include <sys/ioctl.h>
		#include <sys/select.h>
		#include <sys/socket.h>
		#include <sys/time.h>
		#include <sys/uio.h>
		#include <time.h>
		#include <fcntl.h>
		#include <unistd.h>
		int main() {
			SOCKET var_exists;
			return 0;
		}
	
Determining if the SO_NONBLOCK exist failed with the following output:
Change Dir: /home/qwe52165/GRPC-levelDB/leveldb_server/CMakeFiles/CMakeTmp

Run Build Command:"/usr/bin/make" "cmTC_9387d/fast"
/usr/bin/make -f CMakeFiles/cmTC_9387d.dir/build.make CMakeFiles/cmTC_9387d.dir/build
make[1]: Entering directory '/home/qwe52165/GRPC-levelDB/leveldb_server/CMakeFiles/CMakeTmp'
Building C object CMakeFiles/cmTC_9387d.dir/CheckSymbolExists.c.o
/usr/bin/cc -D_GNU_SOURCE -D_POSIX_C_SOURCE=199309L -D_XOPEN_SOURCE=600  -fPIE   -o CMakeFiles/cmTC_9387d.dir/CheckSymbolExists.c.o   -c /home/qwe52165/GRPC-levelDB/leveldb_server/CMakeFiles/CMakeTmp/CheckSymbolExists.c
/home/qwe52165/GRPC-levelDB/leveldb_server/CMakeFiles/CMakeTmp/CheckSymbolExists.c: In function ‘main’:
/home/qwe52165/GRPC-levelDB/leveldb_server/CMakeFiles/CMakeTmp/CheckSymbolExists.c:27:19: error: ‘SO_NONBLOCK’ undeclared (first use in this function); did you mean ‘O_NONBLOCK’?
   return ((int*)(&SO_NONBLOCK))[argc];
                   ^~~~~~~~~~~
                   O_NONBLOCK
/home/qwe52165/GRPC-levelDB/leveldb_server/CMakeFiles/CMakeTmp/CheckSymbolExists.c:27:19: note: each undeclared identifier is reported only once for each function it appears in
CMakeFiles/cmTC_9387d.dir/build.make:65: recipe for target 'CMakeFiles/cmTC_9387d.dir/CheckSymbolExists.c.o' failed
make[1]: *** [CMakeFiles/cmTC_9387d.dir/CheckSymbolExists.c.o] Error 1
make[1]: Leaving directory '/home/qwe52165/GRPC-levelDB/leveldb_server/CMakeFiles/CMakeTmp'
Makefile:126: recipe for target 'cmTC_9387d/fast' failed
make: *** [cmTC_9387d/fast] Error 2

File /home/qwe52165/GRPC-levelDB/leveldb_server/CMakeFiles/CMakeTmp/CheckSymbolExists.c:
/* */
#include <stdbool.h>
#include <sys/types.h>
#include <arpa/inet.h>
#include <arpa/nameser.h>
#include <netdb.h>
#include <net/if.h>
#include <netinet/in.h>
#include <netinet/tcp.h>
#include <signal.h>
#include <stdlib.h>
#include <string.h>
#include <strings.h>
#include <sys/ioctl.h>
#include <sys/select.h>
#include <sys/socket.h>
#include <sys/time.h>
#include <sys/uio.h>
#include <time.h>
#include <fcntl.h>
#include <unistd.h>

int main(int argc, char** argv)
{
  (void)argv;
#ifndef SO_NONBLOCK
  return ((int*)(&SO_NONBLOCK))[argc];
#else
  (void)argc;
  return 0;
#endif
}

Determining if the bitncmp exist failed with the following output:
Change Dir: /home/qwe52165/GRPC-levelDB/leveldb_server/CMakeFiles/CMakeTmp

Run Build Command:"/usr/bin/make" "cmTC_e2ae1/fast"
/usr/bin/make -f CMakeFiles/cmTC_e2ae1.dir/build.make CMakeFiles/cmTC_e2ae1.dir/build
make[1]: Entering directory '/home/qwe52165/GRPC-levelDB/leveldb_server/CMakeFiles/CMakeTmp'
Building C object CMakeFiles/cmTC_e2ae1.dir/CheckSymbolExists.c.o
/usr/bin/cc -D_GNU_SOURCE -D_POSIX_C_SOURCE=199309L -D_XOPEN_SOURCE=600  -fPIE   -o CMakeFiles/cmTC_e2ae1.dir/CheckSymbolExists.c.o   -c /home/qwe52165/GRPC-levelDB/leveldb_server/CMakeFiles/CMakeTmp/CheckSymbolExists.c
/home/qwe52165/GRPC-levelDB/leveldb_server/CMakeFiles/CMakeTmp/CheckSymbolExists.c: In function ‘main’:
/home/qwe52165/GRPC-levelDB/leveldb_server/CMakeFiles/CMakeTmp/CheckSymbolExists.c:27:19: error: ‘bitncmp’ undeclared (first use in this function); did you mean ‘bcmp’?
   return ((int*)(&bitncmp))[argc];
                   ^~~~~~~
                   bcmp
/home/qwe52165/GRPC-levelDB/leveldb_server/CMakeFiles/CMakeTmp/CheckSymbolExists.c:27:19: note: each undeclared identifier is reported only once for each function it appears in
CMakeFiles/cmTC_e2ae1.dir/build.make:65: recipe for target 'CMakeFiles/cmTC_e2ae1.dir/CheckSymbolExists.c.o' failed
make[1]: *** [CMakeFiles/cmTC_e2ae1.dir/CheckSymbolExists.c.o] Error 1
make[1]: Leaving directory '/home/qwe52165/GRPC-levelDB/leveldb_server/CMakeFiles/CMakeTmp'
Makefile:126: recipe for target 'cmTC_e2ae1/fast' failed
make: *** [cmTC_e2ae1/fast] Error 2

File /home/qwe52165/GRPC-levelDB/leveldb_server/CMakeFiles/CMakeTmp/CheckSymbolExists.c:
/* */
#include <stdbool.h>
#include <sys/types.h>
#include <arpa/inet.h>
#include <arpa/nameser.h>
#include <netdb.h>
#include <net/if.h>
#include <netinet/in.h>
#include <netinet/tcp.h>
#include <signal.h>
#include <stdlib.h>
#include <string.h>
#include <strings.h>
#include <sys/ioctl.h>
#include <sys/select.h>
#include <sys/socket.h>
#include <sys/time.h>
#include <sys/uio.h>
#include <time.h>
#include <fcntl.h>
#include <unistd.h>

int main(int argc, char** argv)
{
  (void)argv;
#ifndef bitncmp
  return ((int*)(&bitncmp))[argc];
#else
  (void)argc;
  return 0;
#endif
}

Determining if the closesocket exist failed with the following output:
Change Dir: /home/qwe52165/GRPC-levelDB/leveldb_server/CMakeFiles/CMakeTmp

Run Build Command:"/usr/bin/make" "cmTC_92499/fast"
/usr/bin/make -f CMakeFiles/cmTC_92499.dir/build.make CMakeFiles/cmTC_92499.dir/build
make[1]: Entering directory '/home/qwe52165/GRPC-levelDB/leveldb_server/CMakeFiles/CMakeTmp'
Building C object CMakeFiles/cmTC_92499.dir/CheckSymbolExists.c.o
/usr/bin/cc -D_GNU_SOURCE -D_POSIX_C_SOURCE=199309L -D_XOPEN_SOURCE=600  -fPIE   -o CMakeFiles/cmTC_92499.dir/CheckSymbolExists.c.o   -c /home/qwe52165/GRPC-levelDB/leveldb_server/CMakeFiles/CMakeTmp/CheckSymbolExists.c
/home/qwe52165/GRPC-levelDB/leveldb_server/CMakeFiles/CMakeTmp/CheckSymbolExists.c: In function ‘main’:
/home/qwe52165/GRPC-levelDB/leveldb_server/CMakeFiles/CMakeTmp/CheckSymbolExists.c:27:19: error: ‘closesocket’ undeclared (first use in this function); did you mean ‘socket’?
   return ((int*)(&closesocket))[argc];
                   ^~~~~~~~~~~
                   socket
/home/qwe52165/GRPC-levelDB/leveldb_server/CMakeFiles/CMakeTmp/CheckSymbolExists.c:27:19: note: each undeclared identifier is reported only once for each function it appears in
CMakeFiles/cmTC_92499.dir/build.make:65: recipe for target 'CMakeFiles/cmTC_92499.dir/CheckSymbolExists.c.o' failed
make[1]: *** [CMakeFiles/cmTC_92499.dir/CheckSymbolExists.c.o] Error 1
make[1]: Leaving directory '/home/qwe52165/GRPC-levelDB/leveldb_server/CMakeFiles/CMakeTmp'
Makefile:126: recipe for target 'cmTC_92499/fast' failed
make: *** [cmTC_92499/fast] Error 2

File /home/qwe52165/GRPC-levelDB/leveldb_server/CMakeFiles/CMakeTmp/CheckSymbolExists.c:
/* */
#include <stdbool.h>
#include <sys/types.h>
#include <arpa/inet.h>
#include <arpa/nameser.h>
#include <netdb.h>
#include <net/if.h>
#include <netinet/in.h>
#include <netinet/tcp.h>
#include <signal.h>
#include <stdlib.h>
#include <string.h>
#include <strings.h>
#include <sys/ioctl.h>
#include <sys/select.h>
#include <sys/socket.h>
#include <sys/time.h>
#include <sys/uio.h>
#include <time.h>
#include <fcntl.h>
#include <unistd.h>

int main(int argc, char** argv)
{
  (void)argv;
#ifndef closesocket
  return ((int*)(&closesocket))[argc];
#else
  (void)argc;
  return 0;
#endif
}

Determining if the CloseSocket exist failed with the following output:
Change Dir: /home/qwe52165/GRPC-levelDB/leveldb_server/CMakeFiles/CMakeTmp

Run Build Command:"/usr/bin/make" "cmTC_cede5/fast"
/usr/bin/make -f CMakeFiles/cmTC_cede5.dir/build.make CMakeFiles/cmTC_cede5.dir/build
make[1]: Entering directory '/home/qwe52165/GRPC-levelDB/leveldb_server/CMakeFiles/CMakeTmp'
Building C object CMakeFiles/cmTC_cede5.dir/CheckSymbolExists.c.o
/usr/bin/cc -D_GNU_SOURCE -D_POSIX_C_SOURCE=199309L -D_XOPEN_SOURCE=600  -fPIE   -o CMakeFiles/cmTC_cede5.dir/CheckSymbolExists.c.o   -c /home/qwe52165/GRPC-levelDB/leveldb_server/CMakeFiles/CMakeTmp/CheckSymbolExists.c
/home/qwe52165/GRPC-levelDB/leveldb_server/CMakeFiles/CMakeTmp/CheckSymbolExists.c: In function ‘main’:
/home/qwe52165/GRPC-levelDB/leveldb_server/CMakeFiles/CMakeTmp/CheckSymbolExists.c:27:19: error: ‘CloseSocket’ undeclared (first use in this function); did you mean ‘socket’?
   return ((int*)(&CloseSocket))[argc];
                   ^~~~~~~~~~~
                   socket
/home/qwe52165/GRPC-levelDB/leveldb_server/CMakeFiles/CMakeTmp/CheckSymbolExists.c:27:19: note: each undeclared identifier is reported only once for each function it appears in
CMakeFiles/cmTC_cede5.dir/build.make:65: recipe for target 'CMakeFiles/cmTC_cede5.dir/CheckSymbolExists.c.o' failed
make[1]: *** [CMakeFiles/cmTC_cede5.dir/CheckSymbolExists.c.o] Error 1
make[1]: Leaving directory '/home/qwe52165/GRPC-levelDB/leveldb_server/CMakeFiles/CMakeTmp'
Makefile:126: recipe for target 'cmTC_cede5/fast' failed
make: *** [cmTC_cede5/fast] Error 2

File /home/qwe52165/GRPC-levelDB/leveldb_server/CMakeFiles/CMakeTmp/CheckSymbolExists.c:
/* */
#include <stdbool.h>
#include <sys/types.h>
#include <arpa/inet.h>
#include <arpa/nameser.h>
#include <netdb.h>
#include <net/if.h>
#include <netinet/in.h>
#include <netinet/tcp.h>
#include <signal.h>
#include <stdlib.h>
#include <string.h>
#include <strings.h>
#include <sys/ioctl.h>
#include <sys/select.h>
#include <sys/socket.h>
#include <sys/time.h>
#include <sys/uio.h>
#include <time.h>
#include <fcntl.h>
#include <unistd.h>

int main(int argc, char** argv)
{
  (void)argv;
#ifndef CloseSocket
  return ((int*)(&CloseSocket))[argc];
#else
  (void)argc;
  return 0;
#endif
}

Determining if the inet_net_pton exist failed with the following output:
Change Dir: /home/qwe52165/GRPC-levelDB/leveldb_server/CMakeFiles/CMakeTmp

Run Build Command:"/usr/bin/make" "cmTC_5b4d5/fast"
/usr/bin/make -f CMakeFiles/cmTC_5b4d5.dir/build.make CMakeFiles/cmTC_5b4d5.dir/build
make[1]: Entering directory '/home/qwe52165/GRPC-levelDB/leveldb_server/CMakeFiles/CMakeTmp'
Building C object CMakeFiles/cmTC_5b4d5.dir/CheckSymbolExists.c.o
/usr/bin/cc -D_GNU_SOURCE -D_POSIX_C_SOURCE=199309L -D_XOPEN_SOURCE=600  -fPIE   -o CMakeFiles/cmTC_5b4d5.dir/CheckSymbolExists.c.o   -c /home/qwe52165/GRPC-levelDB/leveldb_server/CMakeFiles/CMakeTmp/CheckSymbolExists.c
Linking C executable cmTC_5b4d5
/usr/bin/cmake -E cmake_link_script CMakeFiles/cmTC_5b4d5.dir/link.txt --verbose=1
/usr/bin/cc      -rdynamic CMakeFiles/cmTC_5b4d5.dir/CheckSymbolExists.c.o  -o cmTC_5b4d5 -lnsl -lrt 
CMakeFiles/cmTC_5b4d5.dir/CheckSymbolExists.c.o: In function `main':
CheckSymbolExists.c:(.text+0x1b): undefined reference to `inet_net_pton'
collect2: error: ld returned 1 exit status
CMakeFiles/cmTC_5b4d5.dir/build.make:97: recipe for target 'cmTC_5b4d5' failed
make[1]: *** [cmTC_5b4d5] Error 1
make[1]: Leaving directory '/home/qwe52165/GRPC-levelDB/leveldb_server/CMakeFiles/CMakeTmp'
Makefile:126: recipe for target 'cmTC_5b4d5/fast' failed
make: *** [cmTC_5b4d5/fast] Error 2

File /home/qwe52165/GRPC-levelDB/leveldb_server/CMakeFiles/CMakeTmp/CheckSymbolExists.c:
/* */
#include <stdbool.h>
#include <sys/types.h>
#include <arpa/inet.h>
#include <arpa/nameser.h>
#include <netdb.h>
#include <net/if.h>
#include <netinet/in.h>
#include <netinet/tcp.h>
#include <signal.h>
#include <stdlib.h>
#include <string.h>
#include <strings.h>
#include <sys/ioctl.h>
#include <sys/select.h>
#include <sys/socket.h>
#include <sys/time.h>
#include <sys/uio.h>
#include <time.h>
#include <fcntl.h>
#include <unistd.h>

int main(int argc, char** argv)
{
  (void)argv;
#ifndef inet_net_pton
  return ((int*)(&inet_net_pton))[argc];
#else
  (void)argc;
  return 0;
#endif
}

Determining if the ioctlsocket exist failed with the following output:
Change Dir: /home/qwe52165/GRPC-levelDB/leveldb_server/CMakeFiles/CMakeTmp

Run Build Command:"/usr/bin/make" "cmTC_ed33a/fast"
/usr/bin/make -f CMakeFiles/cmTC_ed33a.dir/build.make CMakeFiles/cmTC_ed33a.dir/build
make[1]: Entering directory '/home/qwe52165/GRPC-levelDB/leveldb_server/CMakeFiles/CMakeTmp'
Building C object CMakeFiles/cmTC_ed33a.dir/CheckSymbolExists.c.o
/usr/bin/cc -D_GNU_SOURCE -D_POSIX_C_SOURCE=199309L -D_XOPEN_SOURCE=600  -fPIE   -o CMakeFiles/cmTC_ed33a.dir/CheckSymbolExists.c.o   -c /home/qwe52165/GRPC-levelDB/leveldb_server/CMakeFiles/CMakeTmp/CheckSymbolExists.c
/home/qwe52165/GRPC-levelDB/leveldb_server/CMakeFiles/CMakeTmp/CheckSymbolExists.c: In function ‘main’:
/home/qwe52165/GRPC-levelDB/leveldb_server/CMakeFiles/CMakeTmp/CheckSymbolExists.c:27:19: error: ‘ioctlsocket’ undeclared (first use in this function); did you mean ‘socket’?
   return ((int*)(&ioctlsocket))[argc];
                   ^~~~~~~~~~~
                   socket
/home/qwe52165/GRPC-levelDB/leveldb_server/CMakeFiles/CMakeTmp/CheckSymbolExists.c:27:19: note: each undeclared identifier is reported only once for each function it appears in
CMakeFiles/cmTC_ed33a.dir/build.make:65: recipe for target 'CMakeFiles/cmTC_ed33a.dir/CheckSymbolExists.c.o' failed
make[1]: *** [CMakeFiles/cmTC_ed33a.dir/CheckSymbolExists.c.o] Error 1
make[1]: Leaving directory '/home/qwe52165/GRPC-levelDB/leveldb_server/CMakeFiles/CMakeTmp'
Makefile:126: recipe for target 'cmTC_ed33a/fast' failed
make: *** [cmTC_ed33a/fast] Error 2

File /home/qwe52165/GRPC-levelDB/leveldb_server/CMakeFiles/CMakeTmp/CheckSymbolExists.c:
/* */
#include <stdbool.h>
#include <sys/types.h>
#include <arpa/inet.h>
#include <arpa/nameser.h>
#include <netdb.h>
#include <net/if.h>
#include <netinet/in.h>
#include <netinet/tcp.h>
#include <signal.h>
#include <stdlib.h>
#include <string.h>
#include <strings.h>
#include <sys/ioctl.h>
#include <sys/select.h>
#include <sys/socket.h>
#include <sys/time.h>
#include <sys/uio.h>
#include <time.h>
#include <fcntl.h>
#include <unistd.h>

int main(int argc, char** argv)
{
  (void)argv;
#ifndef ioctlsocket
  return ((int*)(&ioctlsocket))[argc];
#else
  (void)argc;
  return 0;
#endif
}

Determining if the IoctlSocket exist failed with the following output:
Change Dir: /home/qwe52165/GRPC-levelDB/leveldb_server/CMakeFiles/CMakeTmp

Run Build Command:"/usr/bin/make" "cmTC_c3650/fast"
/usr/bin/make -f CMakeFiles/cmTC_c3650.dir/build.make CMakeFiles/cmTC_c3650.dir/build
make[1]: Entering directory '/home/qwe52165/GRPC-levelDB/leveldb_server/CMakeFiles/CMakeTmp'
Building C object CMakeFiles/cmTC_c3650.dir/CheckSymbolExists.c.o
/usr/bin/cc -D_GNU_SOURCE -D_POSIX_C_SOURCE=199309L -D_XOPEN_SOURCE=600  -fPIE   -o CMakeFiles/cmTC_c3650.dir/CheckSymbolExists.c.o   -c /home/qwe52165/GRPC-levelDB/leveldb_server/CMakeFiles/CMakeTmp/CheckSymbolExists.c
/home/qwe52165/GRPC-levelDB/leveldb_server/CMakeFiles/CMakeTmp/CheckSymbolExists.c: In function ‘main’:
/home/qwe52165/GRPC-levelDB/leveldb_server/CMakeFiles/CMakeTmp/CheckSymbolExists.c:27:19: error: ‘IoctlSocket’ undeclared (first use in this function); did you mean ‘clock_t’?
   return ((int*)(&IoctlSocket))[argc];
                   ^~~~~~~~~~~
                   clock_t
/home/qwe52165/GRPC-levelDB/leveldb_server/CMakeFiles/CMakeTmp/CheckSymbolExists.c:27:19: note: each undeclared identifier is reported only once for each function it appears in
CMakeFiles/cmTC_c3650.dir/build.make:65: recipe for target 'CMakeFiles/cmTC_c3650.dir/CheckSymbolExists.c.o' failed
make[1]: *** [CMakeFiles/cmTC_c3650.dir/CheckSymbolExists.c.o] Error 1
make[1]: Leaving directory '/home/qwe52165/GRPC-levelDB/leveldb_server/CMakeFiles/CMakeTmp'
Makefile:126: recipe for target 'cmTC_c3650/fast' failed
make: *** [cmTC_c3650/fast] Error 2

File /home/qwe52165/GRPC-levelDB/leveldb_server/CMakeFiles/CMakeTmp/CheckSymbolExists.c:
/* */
#include <stdbool.h>
#include <sys/types.h>
#include <arpa/inet.h>
#include <arpa/nameser.h>
#include <netdb.h>
#include <net/if.h>
#include <netinet/in.h>
#include <netinet/tcp.h>
#include <signal.h>
#include <stdlib.h>
#include <string.h>
#include <strings.h>
#include <sys/ioctl.h>
#include <sys/select.h>
#include <sys/socket.h>
#include <sys/time.h>
#include <sys/uio.h>
#include <time.h>
#include <fcntl.h>
#include <unistd.h>

int main(int argc, char** argv)
{
  (void)argv;
#ifndef IoctlSocket
  return ((int*)(&IoctlSocket))[argc];
#else
  (void)argc;
  return 0;
#endif
}

Determining if the strcmpi exist failed with the following output:
Change Dir: /home/qwe52165/GRPC-levelDB/leveldb_server/CMakeFiles/CMakeTmp

Run Build Command:"/usr/bin/make" "cmTC_ec292/fast"
/usr/bin/make -f CMakeFiles/cmTC_ec292.dir/build.make CMakeFiles/cmTC_ec292.dir/build
make[1]: Entering directory '/home/qwe52165/GRPC-levelDB/leveldb_server/CMakeFiles/CMakeTmp'
Building C object CMakeFiles/cmTC_ec292.dir/CheckSymbolExists.c.o
/usr/bin/cc -D_GNU_SOURCE -D_POSIX_C_SOURCE=199309L -D_XOPEN_SOURCE=600  -fPIE   -o CMakeFiles/cmTC_ec292.dir/CheckSymbolExists.c.o   -c /home/qwe52165/GRPC-levelDB/leveldb_server/CMakeFiles/CMakeTmp/CheckSymbolExists.c
/home/qwe52165/GRPC-levelDB/leveldb_server/CMakeFiles/CMakeTmp/CheckSymbolExists.c: In function ‘main’:
/home/qwe52165/GRPC-levelDB/leveldb_server/CMakeFiles/CMakeTmp/CheckSymbolExists.c:27:19: error: ‘strcmpi’ undeclared (first use in this function); did you mean ‘strcmp’?
   return ((int*)(&strcmpi))[argc];
                   ^~~~~~~
                   strcmp
/home/qwe52165/GRPC-levelDB/leveldb_server/CMakeFiles/CMakeTmp/CheckSymbolExists.c:27:19: note: each undeclared identifier is reported only once for each function it appears in
CMakeFiles/cmTC_ec292.dir/build.make:65: recipe for target 'CMakeFiles/cmTC_ec292.dir/CheckSymbolExists.c.o' failed
make[1]: *** [CMakeFiles/cmTC_ec292.dir/CheckSymbolExists.c.o] Error 1
make[1]: Leaving directory '/home/qwe52165/GRPC-levelDB/leveldb_server/CMakeFiles/CMakeTmp'
Makefile:126: recipe for target 'cmTC_ec292/fast' failed
make: *** [cmTC_ec292/fast] Error 2

File /home/qwe52165/GRPC-levelDB/leveldb_server/CMakeFiles/CMakeTmp/CheckSymbolExists.c:
/* */
#include <stdbool.h>
#include <sys/types.h>
#include <arpa/inet.h>
#include <arpa/nameser.h>
#include <netdb.h>
#include <net/if.h>
#include <netinet/in.h>
#include <netinet/tcp.h>
#include <signal.h>
#include <stdlib.h>
#include <string.h>
#include <strings.h>
#include <sys/ioctl.h>
#include <sys/select.h>
#include <sys/socket.h>
#include <sys/time.h>
#include <sys/uio.h>
#include <time.h>
#include <fcntl.h>
#include <unistd.h>

int main(int argc, char** argv)
{
  (void)argv;
#ifndef strcmpi
  return ((int*)(&strcmpi))[argc];
#else
  (void)argc;
  return 0;
#endif
}

Determining if the stricmp exist failed with the following output:
Change Dir: /home/qwe52165/GRPC-levelDB/leveldb_server/CMakeFiles/CMakeTmp

Run Build Command:"/usr/bin/make" "cmTC_65960/fast"
/usr/bin/make -f CMakeFiles/cmTC_65960.dir/build.make CMakeFiles/cmTC_65960.dir/build
make[1]: Entering directory '/home/qwe52165/GRPC-levelDB/leveldb_server/CMakeFiles/CMakeTmp'
Building C object CMakeFiles/cmTC_65960.dir/CheckSymbolExists.c.o
/usr/bin/cc -D_GNU_SOURCE -D_POSIX_C_SOURCE=199309L -D_XOPEN_SOURCE=600  -fPIE   -o CMakeFiles/cmTC_65960.dir/CheckSymbolExists.c.o   -c /home/qwe52165/GRPC-levelDB/leveldb_server/CMakeFiles/CMakeTmp/CheckSymbolExists.c
/home/qwe52165/GRPC-levelDB/leveldb_server/CMakeFiles/CMakeTmp/CheckSymbolExists.c: In function ‘main’:
/home/qwe52165/GRPC-levelDB/leveldb_server/CMakeFiles/CMakeTmp/CheckSymbolExists.c:27:19: error: ‘stricmp’ undeclared (first use in this function); did you mean ‘strncmp’?
   return ((int*)(&stricmp))[argc];
                   ^~~~~~~
                   strncmp
/home/qwe52165/GRPC-levelDB/leveldb_server/CMakeFiles/CMakeTmp/CheckSymbolExists.c:27:19: note: each undeclared identifier is reported only once for each function it appears in
CMakeFiles/cmTC_65960.dir/build.make:65: recipe for target 'CMakeFiles/cmTC_65960.dir/CheckSymbolExists.c.o' failed
make[1]: *** [CMakeFiles/cmTC_65960.dir/CheckSymbolExists.c.o] Error 1
make[1]: Leaving directory '/home/qwe52165/GRPC-levelDB/leveldb_server/CMakeFiles/CMakeTmp'
Makefile:126: recipe for target 'cmTC_65960/fast' failed
make: *** [cmTC_65960/fast] Error 2

File /home/qwe52165/GRPC-levelDB/leveldb_server/CMakeFiles/CMakeTmp/CheckSymbolExists.c:
/* */
#include <stdbool.h>
#include <sys/types.h>
#include <arpa/inet.h>
#include <arpa/nameser.h>
#include <netdb.h>
#include <net/if.h>
#include <netinet/in.h>
#include <netinet/tcp.h>
#include <signal.h>
#include <stdlib.h>
#include <string.h>
#include <strings.h>
#include <sys/ioctl.h>
#include <sys/select.h>
#include <sys/socket.h>
#include <sys/time.h>
#include <sys/uio.h>
#include <time.h>
#include <fcntl.h>
#include <unistd.h>

int main(int argc, char** argv)
{
  (void)argv;
#ifndef stricmp
  return ((int*)(&stricmp))[argc];
#else
  (void)argc;
  return 0;
#endif
}

Determining if the strncmpi exist failed with the following output:
Change Dir: /home/qwe52165/GRPC-levelDB/leveldb_server/CMakeFiles/CMakeTmp

Run Build Command:"/usr/bin/make" "cmTC_f19ad/fast"
/usr/bin/make -f CMakeFiles/cmTC_f19ad.dir/build.make CMakeFiles/cmTC_f19ad.dir/build
make[1]: Entering directory '/home/qwe52165/GRPC-levelDB/leveldb_server/CMakeFiles/CMakeTmp'
Building C object CMakeFiles/cmTC_f19ad.dir/CheckSymbolExists.c.o
/usr/bin/cc -D_GNU_SOURCE -D_POSIX_C_SOURCE=199309L -D_XOPEN_SOURCE=600  -fPIE   -o CMakeFiles/cmTC_f19ad.dir/CheckSymbolExists.c.o   -c /home/qwe52165/GRPC-levelDB/leveldb_server/CMakeFiles/CMakeTmp/CheckSymbolExists.c
/home/qwe52165/GRPC-levelDB/leveldb_server/CMakeFiles/CMakeTmp/CheckSymbolExists.c: In function ‘main’:
/home/qwe52165/GRPC-levelDB/leveldb_server/CMakeFiles/CMakeTmp/CheckSymbolExists.c:27:19: error: ‘strncmpi’ undeclared (first use in this function); did you mean ‘strncmp’?
   return ((int*)(&strncmpi))[argc];
                   ^~~~~~~~
                   strncmp
/home/qwe52165/GRPC-levelDB/leveldb_server/CMakeFiles/CMakeTmp/CheckSymbolExists.c:27:19: note: each undeclared identifier is reported only once for each function it appears in
CMakeFiles/cmTC_f19ad.dir/build.make:65: recipe for target 'CMakeFiles/cmTC_f19ad.dir/CheckSymbolExists.c.o' failed
make[1]: *** [CMakeFiles/cmTC_f19ad.dir/CheckSymbolExists.c.o] Error 1
make[1]: Leaving directory '/home/qwe52165/GRPC-levelDB/leveldb_server/CMakeFiles/CMakeTmp'
Makefile:126: recipe for target 'cmTC_f19ad/fast' failed
make: *** [cmTC_f19ad/fast] Error 2

File /home/qwe52165/GRPC-levelDB/leveldb_server/CMakeFiles/CMakeTmp/CheckSymbolExists.c:
/* */
#include <stdbool.h>
#include <sys/types.h>
#include <arpa/inet.h>
#include <arpa/nameser.h>
#include <netdb.h>
#include <net/if.h>
#include <netinet/in.h>
#include <netinet/tcp.h>
#include <signal.h>
#include <stdlib.h>
#include <string.h>
#include <strings.h>
#include <sys/ioctl.h>
#include <sys/select.h>
#include <sys/socket.h>
#include <sys/time.h>
#include <sys/uio.h>
#include <time.h>
#include <fcntl.h>
#include <unistd.h>

int main(int argc, char** argv)
{
  (void)argv;
#ifndef strncmpi
  return ((int*)(&strncmpi))[argc];
#else
  (void)argc;
  return 0;
#endif
}

Determining if the strnicmp exist failed with the following output:
Change Dir: /home/qwe52165/GRPC-levelDB/leveldb_server/CMakeFiles/CMakeTmp

Run Build Command:"/usr/bin/make" "cmTC_4bd0c/fast"
/usr/bin/make -f CMakeFiles/cmTC_4bd0c.dir/build.make CMakeFiles/cmTC_4bd0c.dir/build
make[1]: Entering directory '/home/qwe52165/GRPC-levelDB/leveldb_server/CMakeFiles/CMakeTmp'
Building C object CMakeFiles/cmTC_4bd0c.dir/CheckSymbolExists.c.o
/usr/bin/cc -D_GNU_SOURCE -D_POSIX_C_SOURCE=199309L -D_XOPEN_SOURCE=600  -fPIE   -o CMakeFiles/cmTC_4bd0c.dir/CheckSymbolExists.c.o   -c /home/qwe52165/GRPC-levelDB/leveldb_server/CMakeFiles/CMakeTmp/CheckSymbolExists.c
/home/qwe52165/GRPC-levelDB/leveldb_server/CMakeFiles/CMakeTmp/CheckSymbolExists.c: In function ‘main’:
/home/qwe52165/GRPC-levelDB/leveldb_server/CMakeFiles/CMakeTmp/CheckSymbolExists.c:27:19: error: ‘strnicmp’ undeclared (first use in this function); did you mean ‘strncmp’?
   return ((int*)(&strnicmp))[argc];
                   ^~~~~~~~
                   strncmp
/home/qwe52165/GRPC-levelDB/leveldb_server/CMakeFiles/CMakeTmp/CheckSymbolExists.c:27:19: note: each undeclared identifier is reported only once for each function it appears in
CMakeFiles/cmTC_4bd0c.dir/build.make:65: recipe for target 'CMakeFiles/cmTC_4bd0c.dir/CheckSymbolExists.c.o' failed
make[1]: *** [CMakeFiles/cmTC_4bd0c.dir/CheckSymbolExists.c.o] Error 1
make[1]: Leaving directory '/home/qwe52165/GRPC-levelDB/leveldb_server/CMakeFiles/CMakeTmp'
Makefile:126: recipe for target 'cmTC_4bd0c/fast' failed
make: *** [cmTC_4bd0c/fast] Error 2

File /home/qwe52165/GRPC-levelDB/leveldb_server/CMakeFiles/CMakeTmp/CheckSymbolExists.c:
/* */
#include <stdbool.h>
#include <sys/types.h>
#include <arpa/inet.h>
#include <arpa/nameser.h>
#include <netdb.h>
#include <net/if.h>
#include <netinet/in.h>
#include <netinet/tcp.h>
#include <signal.h>
#include <stdlib.h>
#include <string.h>
#include <strings.h>
#include <sys/ioctl.h>
#include <sys/select.h>
#include <sys/socket.h>
#include <sys/time.h>
#include <sys/uio.h>
#include <time.h>
#include <fcntl.h>
#include <unistd.h>

int main(int argc, char** argv)
{
  (void)argv;
#ifndef strnicmp
  return ((int*)(&strnicmp))[argc];
#else
  (void)argc;
  return 0;
#endif
}

Determining if the pthread_create exist failed with the following output:
Change Dir: /home/qwe52165/GRPC-levelDB/leveldb_server/CMakeFiles/CMakeTmp

Run Build Command:"/usr/bin/make" "cmTC_855de/fast"
/usr/bin/make -f CMakeFiles/cmTC_855de.dir/build.make CMakeFiles/cmTC_855de.dir/build
make[1]: Entering directory '/home/qwe52165/GRPC-levelDB/leveldb_server/CMakeFiles/CMakeTmp'
Building C object CMakeFiles/cmTC_855de.dir/CheckSymbolExists.c.o
/usr/bin/cc   -fPIE   -o CMakeFiles/cmTC_855de.dir/CheckSymbolExists.c.o   -c /home/qwe52165/GRPC-levelDB/leveldb_server/CMakeFiles/CMakeTmp/CheckSymbolExists.c
Linking C executable cmTC_855de
/usr/bin/cmake -E cmake_link_script CMakeFiles/cmTC_855de.dir/link.txt --verbose=1
/usr/bin/cc      -rdynamic CMakeFiles/cmTC_855de.dir/CheckSymbolExists.c.o  -o cmTC_855de 
CMakeFiles/cmTC_855de.dir/CheckSymbolExists.c.o: In function `main':
CheckSymbolExists.c:(.text+0x1b): undefined reference to `pthread_create'
collect2: error: ld returned 1 exit status
CMakeFiles/cmTC_855de.dir/build.make:97: recipe for target 'cmTC_855de' failed
make[1]: *** [cmTC_855de] Error 1
make[1]: Leaving directory '/home/qwe52165/GRPC-levelDB/leveldb_server/CMakeFiles/CMakeTmp'
Makefile:126: recipe for target 'cmTC_855de/fast' failed
make: *** [cmTC_855de/fast] Error 2

File /home/qwe52165/GRPC-levelDB/leveldb_server/CMakeFiles/CMakeTmp/CheckSymbolExists.c:
/* */
#include <pthread.h>

int main(int argc, char** argv)
{
  (void)argv;
#ifndef pthread_create
  return ((int*)(&pthread_create))[argc];
#else
  (void)argc;
  return 0;
#endif
}

Determining if the function pthread_create exists in the pthreads failed with the following output:
Change Dir: /home/qwe52165/GRPC-levelDB/leveldb_server/CMakeFiles/CMakeTmp

Run Build Command:"/usr/bin/make" "cmTC_0dcb5/fast"
/usr/bin/make -f CMakeFiles/cmTC_0dcb5.dir/build.make CMakeFiles/cmTC_0dcb5.dir/build
make[1]: Entering directory '/home/qwe52165/GRPC-levelDB/leveldb_server/CMakeFiles/CMakeTmp'
Building C object CMakeFiles/cmTC_0dcb5.dir/CheckFunctionExists.c.o
/usr/bin/cc   -DCHECK_FUNCTION_EXISTS=pthread_create -fPIE   -o CMakeFiles/cmTC_0dcb5.dir/CheckFunctionExists.c.o   -c /usr/share/cmake-3.10/Modules/CheckFunctionExists.c
Linking C executable cmTC_0dcb5
/usr/bin/cmake -E cmake_link_script CMakeFiles/cmTC_0dcb5.dir/link.txt --verbose=1
/usr/bin/cc  -DCHECK_FUNCTION_EXISTS=pthread_create    -rdynamic CMakeFiles/cmTC_0dcb5.dir/CheckFunctionExists.c.o  -o cmTC_0dcb5 -lpthreads 
/usr/bin/x86_64-linux-gnu-ld: cannot find -lpthreads
collect2: error: ld returned 1 exit status
CMakeFiles/cmTC_0dcb5.dir/build.make:97: recipe for target 'cmTC_0dcb5' failed
make[1]: *** [cmTC_0dcb5] Error 1
make[1]: Leaving directory '/home/qwe52165/GRPC-levelDB/leveldb_server/CMakeFiles/CMakeTmp'
Makefile:126: recipe for target 'cmTC_0dcb5/fast' failed
make: *** [cmTC_0dcb5/fast] Error 2


Performing C++ SOURCE FILE Test HAVE_CXX_FLAG_WSHORTEN_64_TO_32 failed with the following output:
Change Dir: /home/qwe52165/GRPC-levelDB/leveldb_server/CMakeFiles/CMakeTmp

Run Build Command:"/usr/bin/make" "cmTC_5a910/fast"
/usr/bin/make -f CMakeFiles/cmTC_5a910.dir/build.make CMakeFiles/cmTC_5a910.dir/build
make[1]: Entering directory '/home/qwe52165/GRPC-levelDB/leveldb_server/CMakeFiles/CMakeTmp'
Building CXX object CMakeFiles/cmTC_5a910.dir/src.cxx.o
/usr/bin/c++    -std=c++11 -Wall -Wextra -Wshadow -pedantic -pedantic-errors -DHAVE_CXX_FLAG_WSHORTEN_64_TO_32  -Wshorten-64-to-32 -fPIE   -Wshorten-64-to-32 -o CMakeFiles/cmTC_5a910.dir/src.cxx.o -c /home/qwe52165/GRPC-levelDB/leveldb_server/CMakeFiles/CMakeTmp/src.cxx
c++: error: unrecognized command line option '-Wshorten-64-to-32'
c++: error: unrecognized command line option '-Wshorten-64-to-32'
CMakeFiles/cmTC_5a910.dir/build.make:65: recipe for target 'CMakeFiles/cmTC_5a910.dir/src.cxx.o' failed
make[1]: *** [CMakeFiles/cmTC_5a910.dir/src.cxx.o] Error 1
make[1]: Leaving directory '/home/qwe52165/GRPC-levelDB/leveldb_server/CMakeFiles/CMakeTmp'
Makefile:126: recipe for target 'cmTC_5a910/fast' failed
make: *** [cmTC_5a910/fast] Error 2

Source file was:
int main() { return 0; }
Performing C++ SOURCE FILE Test HAVE_CXX_FLAG_WD654 failed with the following output:
Change Dir: /home/qwe52165/GRPC-levelDB/leveldb_server/CMakeFiles/CMakeTmp

Run Build Command:"/usr/bin/make" "cmTC_c633d/fast"
/usr/bin/make -f CMakeFiles/cmTC_c633d.dir/build.make CMakeFiles/cmTC_c633d.dir/build
make[1]: Entering directory '/home/qwe52165/GRPC-levelDB/leveldb_server/CMakeFiles/CMakeTmp'
Building CXX object CMakeFiles/cmTC_c633d.dir/src.cxx.o
/usr/bin/c++    -std=c++11 -Wall -Wextra -Wshadow -pedantic -pedantic-errors -Wfloat-equal -fstrict-aliasing -Wzero-as-null-pointer-constant -Wstrict-aliasing -DHAVE_CXX_FLAG_WD654  -wd654 -fPIE   -wd654 -o CMakeFiles/cmTC_c633d.dir/src.cxx.o -c /home/qwe52165/GRPC-levelDB/leveldb_server/CMakeFiles/CMakeTmp/src.cxx
c++: error: unrecognized command line option '-wd654'
c++: error: unrecognized command line option '-wd654'
CMakeFiles/cmTC_c633d.dir/build.make:65: recipe for target 'CMakeFiles/cmTC_c633d.dir/src.cxx.o' failed
make[1]: *** [CMakeFiles/cmTC_c633d.dir/src.cxx.o] Error 1
make[1]: Leaving directory '/home/qwe52165/GRPC-levelDB/leveldb_server/CMakeFiles/CMakeTmp'
Makefile:126: recipe for target 'cmTC_c633d/fast' failed
make: *** [cmTC_c633d/fast] Error 2

Source file was:
int main() { return 0; }
Performing C++ SOURCE FILE Test HAVE_CXX_FLAG_WTHREAD_SAFETY failed with the following output:
Change Dir: /home/qwe52165/GRPC-levelDB/leveldb_server/CMakeFiles/CMakeTmp

Run Build Command:"/usr/bin/make" "cmTC_74202/fast"
/usr/bin/make -f CMakeFiles/cmTC_74202.dir/build.make CMakeFiles/cmTC_74202.dir/build
make[1]: Entering directory '/home/qwe52165/GRPC-levelDB/leveldb_server/CMakeFiles/CMakeTmp'
Building CXX object CMakeFiles/cmTC_74202.dir/src.cxx.o
/usr/bin/c++    -std=c++11 -Wall -Wextra -Wshadow -pedantic -pedantic-errors -Wfloat-equal -fstrict-aliasing -Wzero-as-null-pointer-constant -Wstrict-aliasing -DHAVE_CXX_FLAG_WTHREAD_SAFETY  -Wthread-safety -fPIE   -Wthread-safety -o CMakeFiles/cmTC_74202.dir/src.cxx.o -c /home/qwe52165/GRPC-levelDB/leveldb_server/CMakeFiles/CMakeTmp/src.cxx
c++: error: unrecognized command line option '-Wthread-safety'; did you mean '-fthread-jumps'?
c++: error: unrecognized command line option '-Wthread-safety'; did you mean '-fthread-jumps'?
CMakeFiles/cmTC_74202.dir/build.make:65: recipe for target 'CMakeFiles/cmTC_74202.dir/src.cxx.o' failed
make[1]: *** [CMakeFiles/cmTC_74202.dir/src.cxx.o] Error 1
make[1]: Leaving directory '/home/qwe52165/GRPC-levelDB/leveldb_server/CMakeFiles/CMakeTmp'
Makefile:126: recipe for target 'cmTC_74202/fast' failed
make: *** [cmTC_74202/fast] Error 2

Source file was:
int main() { return 0; }
